<?xml version="1.0" encoding="UTF-8"?>
<!-- Generated by org.testng.reporters.JUnitReportReporter -->
<testsuite hostname="DESKTOP-59J64P1" failures="0" tests="1" name="jenkin_practice.Program1_Test" time="0.032" errors="0" timestamp="2023-07-12T10:09:25 IST" skipped="0">
  <testcase classname="jenkin_practice.Program1_Test" name="Display" time="0.032"/>
  <system-out/>
</testsuite> <!-- jenkin_practice.Program1_Test -->
